[  0%] Built target ament_cmake_python_copy_scripts
[  0%] Built target ament_cmake_python_copy_diegetic_button_pkg
running egg_info
writing scripts.egg-info/PKG-INFO
writing dependency_links to scripts.egg-info/dependency_links.txt
writing top-level names to scripts.egg-info/top_level.txt
reading manifest file 'scripts.egg-info/SOURCES.txt'
writing manifest file 'scripts.egg-info/SOURCES.txt'
[  0%] Built target ament_cmake_python_build_scripts_egg
running egg_info
writing diegetic_button_pkg.egg-info/PKG-INFO
writing dependency_links to diegetic_button_pkg.egg-info/dependency_links.txt
writing top-level names to diegetic_button_pkg.egg-info/top_level.txt
reading manifest file 'diegetic_button_pkg.egg-info/SOURCES.txt'
writing manifest file 'diegetic_button_pkg.egg-info/SOURCES.txt'
[  0%] Built target ament_cmake_python_build_diegetic_button_pkg_egg
[ 10%] Built target diegetic_button_pkg__rosidl_generator_c
[ 12%] Built target diegetic_button_pkg__cpp
[ 23%] Built target diegetic_button_pkg__rosidl_typesupport_c
[ 34%] Built target diegetic_button_pkg__rosidl_typesupport_introspection_cpp
[ 45%] Built target diegetic_button_pkg__rosidl_typesupport_fastrtps_cpp
[ 56%] Built target diegetic_button_pkg__rosidl_typesupport_cpp
[ 67%] Built target diegetic_button_pkg__rosidl_typesupport_introspection_c
[ 78%] Built target diegetic_button_pkg__rosidl_typesupport_fastrtps_c
[ 78%] Built target diegetic_button_pkg
[ 80%] Built target diegetic_button_pkg__py
[ 81%] [32mBuilding C object CMakeFiles/diegetic_button_pkg__rosidl_generator_py.dir/rosidl_generator_py/diegetic_button_pkg/msg/_diegetic_button_s.c.o[0m
[01m[K/root/ws/origami/build/diegetic_button_pkg/rosidl_generator_py/diegetic_button_pkg/msg/_diegetic_button_s.c:11:10:[m[K [01;31m[Kfatal error: [m[Knumpy/ndarrayobject.h: No such file or directory
   11 | #include [01;31m[K"numpy/ndarrayobject.h"[m[K
      |          [01;31m[K^~~~~~~~~~~~~~~~~~~~~~~[m[K
compilation terminated.
gmake[2]: *** [CMakeFiles/diegetic_button_pkg__rosidl_generator_py.dir/build.make:76: CMakeFiles/diegetic_button_pkg__rosidl_generator_py.dir/rosidl_generator_py/diegetic_button_pkg/msg/_diegetic_button_s.c.o] Error 1
gmake[1]: *** [CMakeFiles/Makefile2:530: CMakeFiles/diegetic_button_pkg__rosidl_generator_py.dir/all] Error 2
gmake: *** [Makefile:146: all] Error 2
