[01m[K/root/ws/origami/build/fiducials/rosidl_generator_py/fiducials/msg/_fiducial_s.c:11:10:[m[K [01;31m[Kfatal error: [m[Knumpy/ndarrayobject.h: No such file or directory
   11 | #include [01;31m[K"numpy/ndarrayobject.h"[m[K
      |          [01;31m[K^~~~~~~~~~~~~~~~~~~~~~~[m[K
compilation terminated.
gmake[2]: *** [CMakeFiles/fiducials__rosidl_generator_py.dir/build.make:76: CMakeFiles/fiducials__rosidl_generator_py.dir/rosidl_generator_py/fiducials/msg/_fiducial_s.c.o] Error 1
gmake[1]: *** [CMakeFiles/Makefile2:478: CMakeFiles/fiducials__rosidl_generator_py.dir/all] Error 2
gmake: *** [Makefile:146: all] Error 2
